<?xml version="1.0" encoding="UTF-8"?>
<testng-results ignored="0" total="1" passed="1" failed="0" skipped="0">
  <reporter-output>
  </reporter-output>
  <suite started-at="2023-01-02T21:02:51 PST" name="Default suite" finished-at="2023-01-02T21:02:51 PST" duration-ms="35">
    <groups>
    </groups>
    <test started-at="2023-01-02T21:02:51 PST" name="Default test" finished-at="2023-01-02T21:02:51 PST" duration-ms="35">
      <class name="userstory.ArrangeArray">
        <test-method signature="testcase1()[pri:0, instance:userstory.ArrangeArray@4d0f2471]" started-at="2023-01-02T21:02:51 PST" name="testcase1" finished-at="2023-01-02T21:02:51 PST" duration-ms="8" status="PASS">
          <reporter-output>
          </reporter-output>
        </test-method> <!-- testcase1 -->
      </class> <!-- userstory.ArrangeArray -->
    </test> <!-- Default test -->
  </suite> <!-- Default suite -->
</testng-results>
