<?xml version="1.0" encoding="UTF-8"?>
<!-- Generated by org.testng.reporters.JUnitXMLReporter -->
<testsuite ignored="0" hostname="praveena" failures="0" tests="3" name="Default test" time="30.684" errors="0" timestamp="2022-12-20T21:03:20 PST">
  <testcase classname="userstory.ScreenshotAssignment" name="testcase1" time="0.097"/>
  <testcase classname="userstory.ScreenshotAssignment" name="testcase2" time="2.593"/>
  <testcase classname="userstory.ScreenshotAssignment" name="testcase3" time="8.846"/>
</testsuite> <!-- Default test -->
