<?xml version="1.0" encoding="UTF-8"?>
<!-- Generated by org.testng.reporters.JUnitXMLReporter -->
<testsuite ignored="0" hostname="praveena" failures="0" tests="4" name="Default test" time="0.056" errors="0" timestamp="2022-12-20T20:15:23 PST">
  <testcase classname="userstory.AnagramsSprint1" name="testcase1" time="0.008"/>
  <testcase classname="userstory.AnagramsSprint1" name="testcase2" time="0.002"/>
  <testcase classname="userstory.AnagramsSprint1" name="testcase3" time="0.001"/>
  <testcase classname="userstory.AnagramsSprint1" name="testcase4" time="0.001"/>
</testsuite> <!-- Default test -->
